# JRE version: Java(TM) SE Runtime Environment (8.0_231-b11) (build 1.8.0_231-b11)
# Java VM: Java HotSpot(TM) 64-Bit Server VM (25.231-b11 mixed mode windows-amd64 compressed oops)
Heap:
 PSYoungGen      total 139776K, used 59928K [0x00000000eab00000, 0x00000000f8700000, 0x0000000100000000)
  eden space 126976K, 37% used [0x00000000eab00000,0x00000000ed907730,0x00000000f2700000)
  from space 12800K, 99% used [0x00000000f2700000,0x00000000f337eb40,0x00000000f3380000)
  to   space 18432K, 0% used [0x00000000f7500000,0x00000000f7500000,0x00000000f8700000)
 ParOldGen       total 74752K, used 21658K [0x00000000c0000000, 0x00000000c4900000, 0x00000000eab00000)
  object space 74752K, 28% used [0x00000000c0000000,0x00000000c15268c8,0x00000000c4900000)
 Metaspace       used 49379K, capacity 50774K, committed 50944K, reserved 1093632K
  class space    used 6742K, capacity 7122K, committed 7168K, reserved 1048576K
GC Heap History (10 events):
Event: 11.335 GC heap before
{Heap before GC invocations=7 (full 1):
 PSYoungGen      total 70656K, used 65536K [0x00000000eab00000, 0x00000000f4500000, 0x0000000100000000)
  eden space 65536K, 100% used [0x00000000eab00000,0x00000000eeb00000,0x00000000eeb00000)
  from space 5120K, 0% used [0x00000000eeb00000,0x00000000eeb00000,0x00000000ef000000)
  to   space 13312K, 0% used [0x00000000f3800000,0x00000000f3800000,0x00000000f4500000)
 ParOldGen       total 63488K, used 12510K [0x00000000c0000000, 0x00000000c3e00000, 0x00000000eab00000)
  object space 63488K, 19% used [0x00000000c0000000,0x00000000c0c37998,0x00000000c3e00000)
 Metaspace       used 28471K, capacity 29056K, committed 29312K, reserved 1075200K
  class space    used 3976K, capacity 4175K, committed 4224K, reserved 1048576K
Event: 11.343 GC heap after
Heap after GC invocations=7 (full 1):
 PSYoungGen      total 115200K, used 7799K [0x00000000eab00000, 0x00000000f4000000, 0x0000000100000000)
  eden space 107008K, 0% used [0x00000000eab00000,0x00000000eab00000,0x00000000f1380000)
  from space 8192K, 95% used [0x00000000f3800000,0x00000000f3f9de08,0x00000000f4000000)
  to   space 12800K, 0% used [0x00000000f2700000,0x00000000f2700000,0x00000000f3380000)
 ParOldGen       total 63488K, used 12518K [0x00000000c0000000, 0x00000000c3e00000, 0x00000000eab00000)
  object space 63488K, 19% used [0x00000000c0000000,0x00000000c0c39998,0x00000000c3e00000)
 Metaspace       used 28471K, capacity 29056K, committed 29312K, reserved 1075200K
  class space    used 3976K, capacity 4175K, committed 4224K, reserved 1048576K
}
Event: 13.088 GC heap before
{Heap before GC invocations=8 (full 1):
 PSYoungGen      total 115200K, used 114807K [0x00000000eab00000, 0x00000000f4000000, 0x0000000100000000)
  eden space 107008K, 100% used [0x00000000eab00000,0x00000000f1380000,0x00000000f1380000)
  from space 8192K, 95% used [0x00000000f3800000,0x00000000f3f9de08,0x00000000f4000000)
  to   space 12800K, 0% used [0x00000000f2700000,0x00000000f2700000,0x00000000f3380000)
 ParOldGen       total 63488K, used 12518K [0x00000000c0000000, 0x00000000c3e00000, 0x00000000eab00000)
  object space 63488K, 19% used [0x00000000c0000000,0x00000000c0c39998,0x00000000c3e00000)
 Metaspace       used 34512K, capacity 35296K, committed 35416K, reserved 1079296K
  class space    used 4839K, capacity 5062K, committed 5120K, reserved 1048576K
Event: 13.139 GC heap after
Heap after GC invocations=8 (full 1):
 PSYoungGen      total 139776K, used 12793K [0x00000000eab00000, 0x00000000f7900000, 0x0000000100000000)
  eden space 126976K, 0% used [0x00000000eab00000,0x00000000eab00000,0x00000000f2700000)
  from space 12800K, 99% used [0x00000000f2700000,0x00000000f337e4f8,0x00000000f3380000)
  to   space 15360K, 0% used [0x00000000f6a00000,0x00000000f6a00000,0x00000000f7900000)
 ParOldGen       total 63488K, used 13785K [0x00000000c0000000, 0x00000000c3e00000, 0x00000000eab00000)
  object space 63488K, 21% used [0x00000000c0000000,0x00000000c0d76680,0x00000000c3e00000)
 Metaspace       used 34512K, capacity 35296K, committed 35416K, reserved 1079296K
  class space    used 4839K, capacity 5062K, committed 5120K, reserved 1048576K
}
Event: 13.219 GC heap before
{Heap before GC invocations=9 (full 1):
 PSYoungGen      total 139776K, used 21790K [0x00000000eab00000, 0x00000000f7900000, 0x0000000100000000)
  eden space 126976K, 7% used [0x00000000eab00000,0x00000000eb3c9538,0x00000000f2700000)
  from space 12800K, 99% used [0x00000000f2700000,0x00000000f337e4f8,0x00000000f3380000)
  to   space 15360K, 0% used [0x00000000f6a00000,0x00000000f6a00000,0x00000000f7900000)
 ParOldGen       total 63488K, used 13785K [0x00000000c0000000, 0x00000000c3e00000, 0x00000000eab00000)
  object space 63488K, 21% used [0x00000000c0000000,0x00000000c0d76680,0x00000000c3e00000)
 Metaspace       used 34615K, capacity 35296K, committed 35416K, reserved 1079296K
  class space    used 4864K, capacity 5062K, committed 5120K, reserved 1048576K
Event: 13.246 GC heap after
Heap after GC invocations=9 (full 1):
 PSYoungGen      total 142336K, used 9895K [0x00000000eab00000, 0x00000000f7900000, 0x0000000100000000)
  eden space 126976K, 0% used [0x00000000eab00000,0x00000000eab00000,0x00000000f2700000)
  from space 15360K, 64% used [0x00000000f6a00000,0x00000000f73a9dd8,0x00000000f7900000)
  to   space 12800K, 0% used [0x00000000f2700000,0x00000000f2700000,0x00000000f3380000)
 ParOldGen       total 63488K, used 13793K [0x00000000c0000000, 0x00000000c3e00000, 0x00000000eab00000)
  object space 63488K, 21% used [0x00000000c0000000,0x00000000c0d78680,0x00000000c3e00000)
 Metaspace       used 34615K, capacity 35296K, committed 35416K, reserved 1079296K
  class space    used 4864K, capacity 5062K, committed 5120K, reserved 1048576K
}
Event: 13.246 GC heap before
{Heap before GC invocations=10 (full 2):
 PSYoungGen      total 142336K, used 9895K [0x00000000eab00000, 0x00000000f7900000, 0x0000000100000000)
  eden space 126976K, 0% used [0x00000000eab00000,0x00000000eab00000,0x00000000f2700000)
  from space 15360K, 64% used [0x00000000f6a00000,0x00000000f73a9dd8,0x00000000f7900000)
  to   space 12800K, 0% used [0x00000000f2700000,0x00000000f2700000,0x00000000f3380000)
 ParOldGen       total 63488K, used 13793K [0x00000000c0000000, 0x00000000c3e00000, 0x00000000eab00000)
  object space 63488K, 21% used [0x00000000c0000000,0x00000000c0d78680,0x00000000c3e00000)
 Metaspace       used 34615K, capacity 35296K, committed 35416K, reserved 1079296K
  class space    used 4864K, capacity 5062K, committed 5120K, reserved 1048576K
Event: 13.379 GC heap after
Heap after GC invocations=10 (full 2):
 PSYoungGen      total 142336K, used 0K [0x00000000eab00000, 0x00000000f7900000, 0x0000000100000000)
  eden space 126976K, 0% used [0x00000000eab00000,0x00000000eab00000,0x00000000f2700000)
  from space 15360K, 0% used [0x00000000f6a00000,0x00000000f6a00000,0x00000000f7900000)
  to   space 12800K, 0% used [0x00000000f2700000,0x00000000f2700000,0x00000000f3380000)
 ParOldGen       total 74752K, used 17507K [0x00000000c0000000, 0x00000000c4900000, 0x00000000eab00000)
  object space 74752K, 23% used [0x00000000c0000000,0x00000000c1118ee8,0x00000000c4900000)
 Metaspace       used 34615K, capacity 35296K, committed 35416K, reserved 1079296K
  class space    used 4864K, capacity 5062K, committed 5120K, reserved 1048576K
}
Event: 16.619 GC heap before
{Heap before GC invocations=11 (full 2):
 PSYoungGen      total 142336K, used 126976K [0x00000000eab00000, 0x00000000f7900000, 0x0000000100000000)
  eden space 126976K, 100% used [0x00000000eab00000,0x00000000f2700000,0x00000000f2700000)
  from space 15360K, 0% used [0x00000000f6a00000,0x00000000f6a00000,0x00000000f7900000)
  to   space 12800K, 0% used [0x00000000f2700000,0x00000000f2700000,0x00000000f3380000)
 ParOldGen       total 74752K, used 17507K [0x00000000c0000000, 0x00000000c4900000, 0x00000000eab00000)
  object space 74752K, 23% used [0x00000000c0000000,0x00000000c1118ee8,0x00000000c4900000)
 Metaspace       used 44795K, capacity 46120K, committed 46336K, reserved 1089536K
  class space    used 6200K, capacity 6567K, committed 6656K, reserved 1048576K
Event: 16.653 GC heap after
Heap after GC invocations=11 (full 2):
 PSYoungGen      total 139776K, used 12794K [0x00000000eab00000, 0x00000000f8700000, 0x0000000100000000)
  eden space 126976K, 0% used [0x00000000eab00000,0x00000000eab00000,0x00000000f2700000)
  from space 12800K, 99% used [0x00000000f2700000,0x00000000f337eb40,0x00000000f3380000)
  to   space 18432K, 0% used [0x00000000f7500000,0x00000000f7500000,0x00000000f8700000)
 ParOldGen       total 74752K, used 21658K [0x00000000c0000000, 0x00000000c4900000, 0x00000000eab00000)
  object space 74752K, 28% used [0x00000000c0000000,0x00000000c15268c8,0x00000000c4900000)
 Metaspace       used 44795K, capacity 46120K, committed 46336K, reserved 1089536K
  class space    used 6200K, capacity 6567K, committed 6656K, reserved 1048576K
}

