# JRE version: Java(TM) SE Runtime Environment (8.0_231-b11) (build 1.8.0_231-b11)
# Java VM: Java HotSpot(TM) 64-Bit Server VM (25.231-b11 mixed mode windows-amd64 compressed oops)
Heap:
 PSYoungGen      total 193024K, used 42083K [0x00000000eab00000, 0x00000000fb200000, 0x0000000100000000)
  eden space 172544K, 17% used [0x00000000eab00000,0x00000000ec7d1d60,0x00000000f5380000)
  from space 20480K, 61% used [0x00000000f9e00000,0x00000000faa47058,0x00000000fb200000)
  to   space 18944K, 0% used [0x00000000f5380000,0x00000000f5380000,0x00000000f6600000)
 ParOldGen       total 141824K, used 52993K [0x00000000c0000000, 0x00000000c8a80000, 0x00000000eab00000)
  object space 141824K, 37% used [0x00000000c0000000,0x00000000c33c0620,0x00000000c8a80000)
 Metaspace       used 67167K, capacity 70216K, committed 70400K, reserved 1110016K
  class space    used 9511K, capacity 10198K, committed 10240K, reserved 1048576K
GC Heap History (10 events):
Event: 12.359 GC heap before
{Heap before GC invocations=13 (full 2):
 PSYoungGen      total 146944K, used 146650K [0x00000000eab00000, 0x00000000f5600000, 0x0000000100000000)
  eden space 133632K, 100% used [0x00000000eab00000,0x00000000f2d80000,0x00000000f2d80000)
  from space 13312K, 97% used [0x00000000f4900000,0x00000000f55b6bb8,0x00000000f5600000)
  to   space 14848K, 0% used [0x00000000f3900000,0x00000000f3900000,0x00000000f4780000)
 ParOldGen       total 88576K, used 19173K [0x00000000c0000000, 0x00000000c5680000, 0x00000000eab00000)
  object space 88576K, 21% used [0x00000000c0000000,0x00000000c12b9680,0x00000000c5680000)
 Metaspace       used 53153K, capacity 54906K, committed 55040K, reserved 1095680K
  class space    used 7408K, capacity 7893K, committed 7936K, reserved 1048576K
Event: 12.395 GC heap after
Heap after GC invocations=13 (full 2):
 PSYoungGen      total 160256K, used 14828K [0x00000000eab00000, 0x00000000f7980000, 0x0000000100000000)
  eden space 145408K, 0% used [0x00000000eab00000,0x00000000eab00000,0x00000000f3900000)
  from space 14848K, 99% used [0x00000000f3900000,0x00000000f477b330,0x00000000f4780000)
  to   space 19968K, 0% used [0x00000000f6600000,0x00000000f6600000,0x00000000f7980000)
 ParOldGen       total 88576K, used 27119K [0x00000000c0000000, 0x00000000c5680000, 0x00000000eab00000)
  object space 88576K, 30% used [0x00000000c0000000,0x00000000c1a7bf20,0x00000000c5680000)
 Metaspace       used 53153K, capacity 54906K, committed 55040K, reserved 1095680K
  class space    used 7408K, capacity 7893K, committed 7936K, reserved 1048576K
}
Event: 14.185 GC heap before
{Heap before GC invocations=14 (full 2):
 PSYoungGen      total 160256K, used 109224K [0x00000000eab00000, 0x00000000f7980000, 0x0000000100000000)
  eden space 145408K, 64% used [0x00000000eab00000,0x00000000f072f040,0x00000000f3900000)
  from space 14848K, 99% used [0x00000000f3900000,0x00000000f477b330,0x00000000f4780000)
  to   space 19968K, 0% used [0x00000000f6600000,0x00000000f6600000,0x00000000f7980000)
 ParOldGen       total 88576K, used 27119K [0x00000000c0000000, 0x00000000c5680000, 0x00000000eab00000)
  object space 88576K, 30% used [0x00000000c0000000,0x00000000c1a7bf20,0x00000000c5680000)
 Metaspace       used 56885K, capacity 58956K, committed 59008K, reserved 1099776K
  class space    used 8036K, capacity 8564K, committed 8576K, reserved 1048576K
Event: 14.213 GC heap after
Heap after GC invocations=14 (full 2):
 PSYoungGen      total 192512K, used 8875K [0x00000000eab00000, 0x00000000f8580000, 0x0000000100000000)
  eden space 172544K, 0% used [0x00000000eab00000,0x00000000eab00000,0x00000000f5380000)
  from space 19968K, 44% used [0x00000000f6600000,0x00000000f6eaaf08,0x00000000f7980000)
  to   space 18944K, 0% used [0x00000000f5380000,0x00000000f5380000,0x00000000f6600000)
 ParOldGen       total 88576K, used 41734K [0x00000000c0000000, 0x00000000c5680000, 0x00000000eab00000)
  object space 88576K, 47% used [0x00000000c0000000,0x00000000c28c1a38,0x00000000c5680000)
 Metaspace       used 56885K, capacity 58956K, committed 59008K, reserved 1099776K
  class space    used 8036K, capacity 8564K, committed 8576K, reserved 1048576K
}
Event: 14.213 GC heap before
{Heap before GC invocations=15 (full 3):
 PSYoungGen      total 192512K, used 8875K [0x00000000eab00000, 0x00000000f8580000, 0x0000000100000000)
  eden space 172544K, 0% used [0x00000000eab00000,0x00000000eab00000,0x00000000f5380000)
  from space 19968K, 44% used [0x00000000f6600000,0x00000000f6eaaf08,0x00000000f7980000)
  to   space 18944K, 0% used [0x00000000f5380000,0x00000000f5380000,0x00000000f6600000)
 ParOldGen       total 88576K, used 41734K [0x00000000c0000000, 0x00000000c5680000, 0x00000000eab00000)
  object space 88576K, 47% used [0x00000000c0000000,0x00000000c28c1a38,0x00000000c5680000)
 Metaspace       used 56885K, capacity 58956K, committed 59008K, reserved 1099776K
  class space    used 8036K, capacity 8564K, committed 8576K, reserved 1048576K
Event: 14.490 GC heap after
Heap after GC invocations=15 (full 3):
 PSYoungGen      total 192512K, used 0K [0x00000000eab00000, 0x00000000f8580000, 0x0000000100000000)
  eden space 172544K, 0% used [0x00000000eab00000,0x00000000eab00000,0x00000000f5380000)
  from space 19968K, 0% used [0x00000000f6600000,0x00000000f6600000,0x00000000f7980000)
  to   space 18944K, 0% used [0x00000000f5380000,0x00000000f5380000,0x00000000f6600000)
 ParOldGen       total 141824K, used 41515K [0x00000000c0000000, 0x00000000c8a80000, 0x00000000eab00000)
  object space 141824K, 29% used [0x00000000c0000000,0x00000000c288ae58,0x00000000c8a80000)
 Metaspace       used 56882K, capacity 58944K, committed 59008K, reserved 1099776K
  class space    used 8035K, capacity 8562K, committed 8576K, reserved 1048576K
}
Event: 16.668 GC heap before
{Heap before GC invocations=16 (full 3):
 PSYoungGen      total 192512K, used 172544K [0x00000000eab00000, 0x00000000f8580000, 0x0000000100000000)
  eden space 172544K, 100% used [0x00000000eab00000,0x00000000f5380000,0x00000000f5380000)
  from space 19968K, 0% used [0x00000000f6600000,0x00000000f6600000,0x00000000f7980000)
  to   space 18944K, 0% used [0x00000000f5380000,0x00000000f5380000,0x00000000f6600000)
 ParOldGen       total 141824K, used 41515K [0x00000000c0000000, 0x00000000c8a80000, 0x00000000eab00000)
  object space 141824K, 29% used [0x00000000c0000000,0x00000000c288ae58,0x00000000c8a80000)
 Metaspace       used 64850K, capacity 67388K, committed 67584K, reserved 1107968K
  class space    used 9247K, capacity 9866K, committed 9984K, reserved 1048576K
Event: 16.880 GC heap after
Heap after GC invocations=16 (full 3):
 PSYoungGen      total 191488K, used 16627K [0x00000000eab00000, 0x00000000fb200000, 0x0000000100000000)
  eden space 172544K, 0% used [0x00000000eab00000,0x00000000eab00000,0x00000000f5380000)
  from space 18944K, 87% used [0x00000000f5380000,0x00000000f63bcf18,0x00000000f6600000)
  to   space 20480K, 0% used [0x00000000f9e00000,0x00000000f9e00000,0x00000000fb200000)
 ParOldGen       total 141824K, used 41515K [0x00000000c0000000, 0x00000000c8a80000, 0x00000000eab00000)
  object space 141824K, 29% used [0x00000000c0000000,0x00000000c288ae58,0x00000000c8a80000)
 Metaspace       used 64850K, capacity 67388K, committed 67584K, reserved 1107968K
  class space    used 9247K, capacity 9866K, committed 9984K, reserved 1048576K
}
Event: 18.809 GC heap before
{Heap before GC invocations=17 (full 3):
 PSYoungGen      total 191488K, used 189171K [0x00000000eab00000, 0x00000000fb200000, 0x0000000100000000)
  eden space 172544K, 100% used [0x00000000eab00000,0x00000000f5380000,0x00000000f5380000)
  from space 18944K, 87% used [0x00000000f5380000,0x00000000f63bcf18,0x00000000f6600000)
  to   space 20480K, 0% used [0x00000000f9e00000,0x00000000f9e00000,0x00000000fb200000)
 ParOldGen       total 141824K, used 41515K [0x00000000c0000000, 0x00000000c8a80000, 0x00000000eab00000)
  object space 141824K, 29% used [0x00000000c0000000,0x00000000c288ae58,0x00000000c8a80000)
 Metaspace       used 67103K, capacity 70018K, committed 70144K, reserved 1110016K
  class space    used 9508K, capacity 10197K, committed 10240K, reserved 1048576K
Event: 18.919 GC heap after
Heap after GC invocations=17 (full 3):
 PSYoungGen      total 193024K, used 12572K [0x00000000eab00000, 0x00000000fb200000, 0x0000000100000000)
  eden space 172544K, 0% used [0x00000000eab00000,0x00000000eab00000,0x00000000f5380000)
  from space 20480K, 61% used [0x00000000f9e00000,0x00000000faa47058,0x00000000fb200000)
  to   space 18944K, 0% used [0x00000000f5380000,0x00000000f5380000,0x00000000f6600000)
 ParOldGen       total 141824K, used 52993K [0x00000000c0000000, 0x00000000c8a80000, 0x00000000eab00000)
  object space 141824K, 37% used [0x00000000c0000000,0x00000000c33c0620,0x00000000c8a80000)
 Metaspace       used 67103K, capacity 70018K, committed 70144K, reserved 1110016K
  class space    used 9508K, capacity 10197K, committed 10240K, reserved 1048576K
}

